<?xml version="1.0" encoding="UTF-8"?>
<!-- Generated by org.testng.reporters.JUnitReportReporter -->
<testsuite skipped="0" hostname="LAPTOP-MCUIGPQ0" name="com.actitime.testscript.CustomerModule" tests="1" failures="0" timestamp="2023-01-13T11:28:49 IST" time="153.607" errors="1">
  <testcase name="testCreateCustomer" time="153.607" classname="com.actitime.testscript.CustomerModule">
    <error type="java.lang.StackOverflowError">
      <![CDATA[java.lang.StackOverflowError
at com.actitime.pom.TaskListPage.getNewCustOption(TaskListPage.java:33)
at com.actitime.pom.TaskListPage.getNewCustOption(TaskListPage.java:33)
at com.actitime.pom.TaskListPage.getNewCustOption(TaskListPage.java:33)
at com.actitime.pom.TaskListPage.getNewCustOption(TaskListPage.java:33)
at com.actitime.pom.TaskListPage.getNewCustOption(TaskListPage.java:33)
at com.actitime.pom.TaskListPage.getNewCustOption(TaskListPage.java:33)
at com.actitime.pom.TaskListPage.getNewCustOption(TaskListPage.java:33)
at com.actitime.pom.TaskListPage.getNewCustOption(TaskListPage.java:33)
at com.actitime.pom.TaskListPage.getNewCustOption(TaskListPage.java:33)
at com.actitime.pom.TaskListPage.getNewCustOption(TaskListPage.java:33)
at com.actitime.pom.TaskListPage.getNewCustOption(TaskListPage.java:33)
at com.actitime.pom.TaskListPage.getNewCustOption(TaskListPage.java:33)
at com.actitime.pom.TaskListPage.getNewCustOption(TaskListPage.java:33)
at com.actitime.pom.TaskListPage.getNewCustOption(TaskListPage.java:33)
at com.actitime.pom.TaskListPage.getNewCustOption(TaskListPage.java:33)
at com.actitime.pom.TaskListPage.getNewCustOption(TaskListPage.java:33)
at com.actitime.pom.TaskListPage.getNewCustOption(TaskListPage.java:33)
at com.actitime.pom.TaskListPage.getNewCustOption(TaskListPage.java:33)
at com.actitime.pom.TaskListPage.getNewCustOption(TaskListPage.java:33)
at com.actitime.pom.TaskListPage.getNewCustOption(TaskListPage.java:33)
at com.actitime.pom.TaskListPage.getNewCustOption(TaskListPage.java:33)
at com.actitime.pom.TaskListPage.getNewCustOption(TaskListPage.java:33)
at com.actitime.pom.TaskListPage.getNewCustOption(TaskListPage.java:33)
at com.actitime.pom.TaskListPage.getNewCustOption(TaskListPage.java:33)
at com.actitime.pom.TaskListPage.getNewCustOption(TaskListPage.java:33)
at com.actitime.pom.TaskListPage.getNewCustOption(TaskListPage.java:33)
at com.actitime.pom.TaskListPage.getNewCustOption(TaskListPage.java:33)
at com.actitime.pom.TaskListPage.getNewCustOption(TaskListPage.java:33)
at com.actitime.pom.TaskListPage.getNewCustOption(TaskListPage.java:33)
at com.actitime.pom.TaskListPage.getNewCustOption(TaskListPage.java:33)
at com.actitime.pom.TaskListPage.getNewCustOption(TaskListPage.java:33)
at com.actitime.pom.TaskListPage.getNewCustOption(TaskListPage.java:33)
at com.actitime.pom.TaskListPage.getNewCustOption(TaskListPage.java:33)
at com.actitime.pom.TaskListPage.getNewCustOption(TaskListPage.java:33)
at com.actitime.pom.TaskListPage.getNewCustOption(TaskListPage.java:33)
at com.actitime.pom.TaskListPage.getNewCustOption(TaskListPage.java:33)
at com.actitime.pom.TaskListPage.getNewCustOption(TaskListPage.java:33)
at com.actitime.pom.TaskListPage.getNewCustOption(TaskListPage.java:33)
at com.actitime.pom.TaskListPage.getNewCustOption(TaskListPage.java:33)
at com.actitime.pom.TaskListPage.getNewCustOption(TaskListPage.java:33)
at com.actitime.pom.TaskListPage.getNewCustOption(TaskListPage.java:33)
at com.actitime.pom.TaskListPage.getNewCustOption(TaskListPage.java:33)
at com.actitime.pom.TaskListPage.getNewCustOption(TaskListPage.java:33)
at com.actitime.pom.TaskListPage.getNewCustOption(TaskListPage.java:33)
at com.actitime.pom.TaskListPage.getNewCustOption(TaskListPage.java:33)
at com.actitime.pom.TaskListPage.getNewCustOption(TaskListPage.java:33)
at com.actitime.pom.TaskListPage.getNewCustOption(TaskListPage.java:33)
at com.actitime.pom.TaskListPage.getNewCustOption(TaskListPage.java:33)
at com.actitime.pom.TaskListPage.getNewCustOption(TaskListPage.java:33)
at com.actitime.pom.TaskListPage.getNewCustOption(TaskListPage.java:33)
at com.actitime.pom.TaskListPage.getNewCustOption(TaskListPage.java:33)
at com.actitime.pom.TaskListPage.getNewCustOption(TaskListPage.java:33)
at com.actitime.pom.TaskListPage.getNewCustOption(TaskListPage.java:33)
at com.actitime.pom.TaskListPage.getNewCustOption(TaskListPage.java:33)
at com.actitime.pom.TaskListPage.getNewCustOption(TaskListPage.java:33)
at com.actitime.pom.TaskListPage.getNewCustOption(TaskListPage.java:33)
at com.actitime.pom.TaskListPage.getNewCustOption(TaskListPage.java:33)
at com.actitime.pom.TaskListPage.getNewCustOption(TaskListPage.java:33)
at com.actitime.pom.TaskListPage.getNewCustOption(TaskListPage.java:33)
at com.actitime.pom.TaskListPage.getNewCustOption(TaskListPage.java:33)
at com.actitime.pom.TaskListPage.getNewCustOption(TaskListPage.java:33)
at com.actitime.pom.TaskListPage.getNewCustOption(TaskListPage.java:33)
at com.actitime.pom.TaskListPage.getNewCustOption(TaskListPage.java:33)
at com.actitime.pom.TaskListPage.getNewCustOption(TaskListPage.java:33)
at com.actitime.pom.TaskListPage.getNewCustOption(TaskListPage.java:33)
at com.actitime.pom.TaskListPage.getNewCustOption(TaskListPage.java:33)
at com.actitime.pom.TaskListPage.getNewCustOption(TaskListPage.java:33)
at com.actitime.pom.TaskListPage.getNewCustOption(TaskListPage.java:33)
at com.actitime.pom.TaskListPage.getNewCustOption(TaskListPage.java:33)
at com.actitime.pom.TaskListPage.getNewCustOption(TaskListPage.java:33)
at com.actitime.pom.TaskListPage.getNewCustOption(TaskListPage.java:33)
at com.actitime.pom.TaskListPage.getNewCustOption(TaskListPage.java:33)
at com.actitime.pom.TaskListPage.getNewCustOption(TaskListPage.java:33)
at com.actitime.pom.TaskListPage.getNewCustOption(TaskListPage.java:33)
at com.actitime.pom.TaskListPage.getNewCustOption(TaskListPage.java:33)
at com.actitime.pom.TaskListPage.getNewCustOption(TaskListPage.java:33)
at com.actitime.pom.TaskListPage.getNewCustOption(TaskListPage.java:33)
at com.actitime.pom.TaskListPage.getNewCustOption(TaskListPage.java:33)
at com.actitime.pom.TaskListPage.getNewCustOption(TaskListPage.java:33)
at com.actitime.pom.TaskListPage.getNewCustOption(TaskListPage.java:33)
at com.actitime.pom.TaskListPage.getNewCustOption(TaskListPage.java:33)
at com.actitime.pom.TaskListPage.getNewCustOption(TaskListPage.java:33)
at com.actitime.pom.TaskListPage.getNewCustOption(TaskListPage.java:33)
at com.actitime.pom.TaskListPage.getNewCustOption(TaskListPage.java:33)
at com.actitime.pom.TaskListPage.getNewCustOption(TaskListPage.java:33)
at com.actitime.pom.TaskListPage.getNewCustOption(TaskListPage.java:33)
at com.actitime.pom.TaskListPage.getNewCustOption(TaskListPage.java:33)
at com.actitime.pom.TaskListPage.getNewCustOption(TaskListPage.java:33)
at com.actitime.pom.TaskListPage.getNewCustOption(TaskListPage.java:33)
at com.actitime.pom.TaskListPage.getNewCustOption(TaskListPage.java:33)
at com.actitime.pom.TaskListPage.getNewCustOption(TaskListPage.java:33)
at com.actitime.pom.TaskListPage.getNewCustOption(TaskListPage.java:33)
at com.actitime.pom.TaskListPage.getNewCustOption(TaskListPage.java:33)
at com.actitime.pom.TaskListPage.getNewCustOption(TaskListPage.java:33)
at com.actitime.pom.TaskListPage.getNewCustOption(TaskListPage.java:33)
at com.actitime.pom.TaskListPage.getNewCustOption(TaskListPage.java:33)
at com.actitime.pom.TaskListPage.getNewCustOption(TaskListPage.java:33)
at com.actitime.pom.TaskListPage.getNewCustOption(TaskListPage.java:33)
at com.actitime.pom.TaskListPage.getNewCustOption(TaskListPage.java:33)
at com.actitime.pom.TaskListPage.getNewCustOption(TaskListPage.java:33)
at com.actitime.pom.TaskListPage.getNewCustOption(TaskListPage.java:33)
at com.actitime.pom.TaskListPage.getNewCustOption(TaskListPage.java:33)
at com.actitime.pom.TaskListPage.getNewCustOption(TaskListPage.java:33)
at com.actitime.pom.TaskListPage.getNewCustOption(TaskListPage.java:33)
at com.actitime.pom.TaskListPage.getNewCustOption(TaskListPage.java:33)
at com.actitime.pom.TaskListPage.getNewCustOption(TaskListPage.java:33)
at com.actitime.pom.TaskListPage.getNewCustOption(TaskListPage.java:33)
at com.actitime.pom.TaskListPage.getNewCustOption(TaskListPage.java:33)
at com.actitime.pom.TaskListPage.getNewCustOption(TaskListPage.java:33)
at com.actitime.pom.TaskListPage.getNewCustOption(TaskListPage.java:33)
at com.actitime.pom.TaskListPage.getNewCustOption(TaskListPage.java:33)
at com.actitime.pom.TaskListPage.getNewCustOption(TaskListPage.java:33)
at com.actitime.pom.TaskListPage.getNewCustOption(TaskListPage.java:33)
at com.actitime.pom.TaskListPage.getNewCustOption(TaskListPage.java:33)
at com.actitime.pom.TaskListPage.getNewCustOption(TaskListPage.java:33)
at com.actitime.pom.TaskListPage.getNewCustOption(TaskListPage.java:33)
at com.actitime.pom.TaskListPage.getNewCustOption(TaskListPage.java:33)
at com.actitime.pom.TaskListPage.getNewCustOption(TaskListPage.java:33)
at com.actitime.pom.TaskListPage.getNewCustOption(TaskListPage.java:33)
at com.actitime.pom.TaskListPage.getNewCustOption(TaskListPage.java:33)
at com.actitime.pom.TaskListPage.getNewCustOption(TaskListPage.java:33)
at com.actitime.pom.TaskListPage.getNewCustOption(TaskListPage.java:33)
at com.actitime.pom.TaskListPage.getNewCustOption(TaskListPage.java:33)
at com.actitime.pom.TaskListPage.getNewCustOption(TaskListPage.java:33)
at com.actitime.pom.TaskListPage.getNewCustOption(TaskListPage.java:33)
at com.actitime.pom.TaskListPage.getNewCustOption(TaskListPage.java:33)
at com.actitime.pom.TaskListPage.getNewCustOption(TaskListPage.java:33)
at com.actitime.pom.TaskListPage.getNewCustOption(TaskListPage.java:33)
at com.actitime.pom.TaskListPage.getNewCustOption(TaskListPage.java:33)
at com.actitime.pom.TaskListPage.getNewCustOption(TaskListPage.java:33)
at com.actitime.pom.TaskListPage.getNewCustOption(TaskListPage.java:33)
at com.actitime.pom.TaskListPage.getNewCustOption(TaskListPage.java:33)
at com.actitime.pom.TaskListPage.getNewCustOption(TaskListPage.java:33)
at com.actitime.pom.TaskListPage.getNewCustOption(TaskListPage.java:33)
at com.actitime.pom.TaskListPage.getNewCustOption(TaskListPage.java:33)
at com.actitime.pom.TaskListPage.getNewCustOption(TaskListPage.java:33)
at com.actitime.pom.TaskListPage.getNewCustOption(TaskListPage.java:33)
at com.actitime.pom.TaskListPage.getNewCustOption(TaskListPage.java:33)
at com.actitime.pom.TaskListPage.getNewCustOption(TaskListPage.java:33)
at com.actitime.pom.TaskListPage.getNewCustOption(TaskListPage.java:33)
at com.actitime.pom.TaskListPage.getNewCustOption(TaskListPage.java:33)
at com.actitime.pom.TaskListPage.getNewCustOption(TaskListPage.java:33)
at com.actitime.pom.TaskListPage.getNewCustOption(TaskListPage.java:33)
at com.actitime.pom.TaskListPage.getNewCustOption(TaskListPage.java:33)
at com.actitime.pom.TaskListPage.getNewCustOption(TaskListPage.java:33)
at com.actitime.pom.TaskListPage.getNewCustOption(TaskListPage.java:33)
at com.actitime.pom.TaskListPage.getNewCustOption(TaskListPage.java:33)
at com.actitime.pom.TaskListPage.getNewCustOption(TaskListPage.java:33)
at com.actitime.pom.TaskListPage.getNewCustOption(TaskListPage.java:33)
at com.actitime.pom.TaskListPage.getNewCustOption(TaskListPage.java:33)
at com.actitime.pom.TaskListPage.getNewCustOption(TaskListPage.java:33)
at com.actitime.pom.TaskListPage.getNewCustOption(TaskListPage.java:33)
at com.actitime.pom.TaskListPage.getNewCustOption(TaskListPage.java:33)
at com.actitime.pom.TaskListPage.getNewCustOption(TaskListPage.java:33)
at com.actitime.pom.TaskListPage.getNewCustOption(TaskListPage.java:33)
at com.actitime.pom.TaskListPage.getNewCustOption(TaskListPage.java:33)
at com.actitime.pom.TaskListPage.getNewCustOption(TaskListPage.java:33)
at com.actitime.pom.TaskListPage.getNewCustOption(TaskListPage.java:33)
at com.actitime.pom.TaskListPage.getNewCustOption(TaskListPage.java:33)
at com.actitime.pom.TaskListPage.getNewCustOption(TaskListPage.java:33)
at com.actitime.pom.TaskListPage.getNewCustOption(TaskListPage.java:33)
at com.actitime.pom.TaskListPage.getNewCustOption(TaskListPage.java:33)
at com.actitime.pom.TaskListPage.getNewCustOption(TaskListPage.java:33)
at com.actitime.pom.TaskListPage.getNewCustOption(TaskListPage.java:33)
at com.actitime.pom.TaskListPage.getNewCustOption(TaskListPage.java:33)
at com.actitime.pom.TaskListPage.getNewCustOption(TaskListPage.java:33)
at com.actitime.pom.TaskListPage.getNewCustOption(TaskListPage.java:33)
at com.actitime.pom.TaskListPage.getNewCustOption(TaskListPage.java:33)
at com.actitime.pom.TaskListPage.getNewCustOption(TaskListPage.java:33)
at com.actitime.pom.TaskListPage.getNewCustOption(TaskListPage.java:33)
at com.actitime.pom.TaskListPage.getNewCustOption(TaskListPage.java:33)
at com.actitime.pom.TaskListPage.getNewCustOption(TaskListPage.java:33)
at com.actitime.pom.TaskListPage.getNewCustOption(TaskListPage.java:33)
at com.actitime.pom.TaskListPage.getNewCustOption(TaskListPage.java:33)
at com.actitime.pom.TaskListPage.getNewCustOption(TaskListPage.java:33)
at com.actitime.pom.TaskListPage.getNewCustOption(TaskListPage.java:33)
at com.actitime.pom.TaskListPage.getNewCustOption(TaskListPage.java:33)
at com.actitime.pom.TaskListPage.getNewCustOption(TaskListPage.java:33)
at com.actitime.pom.TaskListPage.getNewCustOption(TaskListPage.java:33)
at com.actitime.pom.TaskListPage.getNewCustOption(TaskListPage.java:33)
at com.actitime.pom.TaskListPage.getNewCustOption(TaskListPage.java:33)
at com.actitime.pom.TaskListPage.getNewCustOption(TaskListPage.java:33)
at com.actitime.pom.TaskListPage.getNewCustOption(TaskListPage.java:33)
at com.actitime.pom.TaskListPage.getNewCustOption(TaskListPage.java:33)
at com.actitime.pom.TaskListPage.getNewCustOption(TaskListPage.java:33)
at com.actitime.pom.TaskListPage.getNewCustOption(TaskListPage.java:33)
at com.actitime.pom.TaskListPage.getNewCustOption(TaskListPage.java:33)
at com.actitime.pom.TaskListPage.getNewCustOption(TaskListPage.java:33)
at com.actitime.pom.TaskListPage.getNewCustOption(TaskListPage.java:33)
at com.actitime.pom.TaskListPage.getNewCustOption(TaskListPage.java:33)
at com.actitime.pom.TaskListPage.getNewCustOption(TaskListPage.java:33)
at com.actitime.pom.TaskListPage.getNewCustOption(TaskListPage.java:33)
at com.actitime.pom.TaskListPage.getNewCustOption(TaskListPage.java:33)
at com.actitime.pom.TaskListPage.getNewCustOption(TaskListPage.java:33)
at com.actitime.pom.TaskListPage.getNewCustOption(TaskListPage.java:33)
at com.actitime.pom.TaskListPage.getNewCustOption(TaskListPage.java:33)
at com.actitime.pom.TaskListPage.getNewCustOption(TaskListPage.java:33)
at com.actitime.pom.TaskListPage.getNewCustOption(TaskListPage.java:33)
at com.actitime.pom.TaskListPage.getNewCustOption(TaskListPage.java:33)
at com.actitime.pom.TaskListPage.getNewCustOption(TaskListPage.java:33)
at com.actitime.pom.TaskListPage.getNewCustOption(TaskListPage.java:33)
at com.actitime.pom.TaskListPage.getNewCustOption(TaskListPage.java:33)
at com.actitime.pom.TaskListPage.getNewCustOption(TaskListPage.java:33)
at com.actitime.pom.TaskListPage.getNewCustOption(TaskListPage.java:33)
at com.actitime.pom.TaskListPage.getNewCustOption(TaskListPage.java:33)
at com.actitime.pom.TaskListPage.getNewCustOption(TaskListPage.java:33)
at com.actitime.pom.TaskListPage.getNewCustOption(TaskListPage.java:33)
at com.actitime.pom.TaskListPage.getNewCustOption(TaskListPage.java:33)
at com.actitime.pom.TaskListPage.getNewCustOption(TaskListPage.java:33)
at com.actitime.pom.TaskListPage.getNewCustOption(TaskListPage.java:33)
at com.actitime.pom.TaskListPage.getNewCustOption(TaskListPage.java:33)
at com.actitime.pom.TaskListPage.getNewCustOption(TaskListPage.java:33)
at com.actitime.pom.TaskListPage.getNewCustOption(TaskListPage.java:33)
at com.actitime.pom.TaskListPage.getNewCustOption(TaskListPage.java:33)
at com.actitime.pom.TaskListPage.getNewCustOption(TaskListPage.java:33)
at com.actitime.pom.TaskListPage.getNewCustOption(TaskListPage.java:33)
at com.actitime.pom.TaskListPage.getNewCustOption(TaskListPage.java:33)
at com.actitime.pom.TaskListPage.getNewCustOption(TaskListPage.java:33)
at com.actitime.pom.TaskListPage.getNewCustOption(TaskListPage.java:33)
at com.actitime.pom.TaskListPage.getNewCustOption(TaskListPage.java:33)
at com.actitime.pom.TaskListPage.getNewCustOption(TaskListPage.java:33)
at com.actitime.pom.TaskListPage.getNewCustOption(TaskListPage.java:33)
at com.actitime.pom.TaskListPage.getNewCustOption(TaskListPage.java:33)
at com.actitime.pom.TaskListPage.getNewCustOption(TaskListPage.java:33)
at com.actitime.pom.TaskListPage.getNewCustOption(TaskListPage.java:33)
at com.actitime.pom.TaskListPage.getNewCustOption(TaskListPage.java:33)
at com.actitime.pom.TaskListPage.getNewCustOption(TaskListPage.java:33)
at com.actitime.pom.TaskListPage.getNewCustOption(TaskListPage.java:33)
at com.actitime.pom.TaskListPage.getNewCustOption(TaskListPage.java:33)
at com.actitime.pom.TaskListPage.getNewCustOption(TaskListPage.java:33)
at com.actitime.pom.TaskListPage.getNewCustOption(TaskListPage.java:33)
at com.actitime.pom.TaskListPage.getNewCustOption(TaskListPage.java:33)
at com.actitime.pom.TaskListPage.getNewCustOption(TaskListPage.java:33)
at com.actitime.pom.TaskListPage.getNewCustOption(TaskListPage.java:33)
at com.actitime.pom.TaskListPage.getNewCustOption(TaskListPage.java:33)
at com.actitime.pom.TaskListPage.getNewCustOption(TaskListPage.java:33)
at com.actitime.pom.TaskListPage.getNewCustOption(TaskListPage.java:33)
at com.actitime.pom.TaskListPage.getNewCustOption(TaskListPage.java:33)
at com.actitime.pom.TaskListPage.getNewCustOption(TaskListPage.java:33)
at com.actitime.pom.TaskListPage.getNewCustOption(TaskListPage.java:33)
at com.actitime.pom.TaskListPage.getNewCustOption(TaskListPage.java:33)
at com.actitime.pom.TaskListPage.getNewCustOption(TaskListPage.java:33)
at com.actitime.pom.TaskListPage.getNewCustOption(TaskListPage.java:33)
at com.actitime.pom.TaskListPage.getNewCustOption(TaskListPage.java:33)
at com.actitime.pom.TaskListPage.getNewCustOption(TaskListPage.java:33)
at com.actitime.pom.TaskListPage.getNewCustOption(TaskListPage.java:33)
at com.actitime.pom.TaskListPage.getNewCustOption(TaskListPage.java:33)
at com.actitime.pom.TaskListPage.getNewCustOption(TaskListPage.java:33)
at com.actitime.pom.TaskListPage.getNewCustOption(TaskListPage.java:33)
at com.actitime.pom.TaskListPage.getNewCustOption(TaskListPage.java:33)
at com.actitime.pom.TaskListPage.getNewCustOption(TaskListPage.java:33)
at com.actitime.pom.TaskListPage.getNewCustOption(TaskListPage.java:33)
at com.actitime.pom.TaskListPage.getNewCustOption(TaskListPage.java:33)
at com.actitime.pom.TaskListPage.getNewCustOption(TaskListPage.java:33)
at com.actitime.pom.TaskListPage.getNewCustOption(TaskListPage.java:33)
at com.actitime.pom.TaskListPage.getNewCustOption(TaskListPage.java:33)
at com.actitime.pom.TaskListPage.getNewCustOption(TaskListPage.java:33)
at com.actitime.pom.TaskListPage.getNewCustOption(TaskListPage.java:33)
at com.actitime.pom.TaskListPage.getNewCustOption(TaskListPage.java:33)
at com.actitime.pom.TaskListPage.getNewCustOption(TaskListPage.java:33)
at com.actitime.pom.TaskListPage.getNewCustOption(TaskListPage.java:33)
at com.actitime.pom.TaskListPage.getNewCustOption(TaskListPage.java:33)
at com.actitime.pom.TaskListPage.getNewCustOption(TaskListPage.java:33)
at com.actitime.pom.TaskListPage.getNewCustOption(TaskListPage.java:33)
at com.actitime.pom.TaskListPage.getNewCustOption(TaskListPage.java:33)
at com.actitime.pom.TaskListPage.getNewCustOption(TaskListPage.java:33)
at com.actitime.pom.TaskListPage.getNewCustOption(TaskListPage.java:33)
at com.actitime.pom.TaskListPage.getNewCustOption(TaskListPage.java:33)
at com.actitime.pom.TaskListPage.getNewCustOption(TaskListPage.java:33)
at com.actitime.pom.TaskListPage.getNewCustOption(TaskListPage.java:33)
at com.actitime.pom.TaskListPage.getNewCustOption(TaskListPage.java:33)
at com.actitime.pom.TaskListPage.getNewCustOption(TaskListPage.java:33)
at com.actitime.pom.TaskListPage.getNewCustOption(TaskListPage.java:33)
at com.actitime.pom.TaskListPage.getNewCustOption(TaskListPage.java:33)
at com.actitime.pom.TaskListPage.getNewCustOption(TaskListPage.java:33)
at com.actitime.pom.TaskListPage.getNewCustOption(TaskListPage.java:33)
at com.actitime.pom.TaskListPage.getNewCustOption(TaskListPage.java:33)
at com.actitime.pom.TaskListPage.getNewCustOption(TaskListPage.java:33)
at com.actitime.pom.TaskListPage.getNewCustOption(TaskListPage.java:33)
at com.actitime.pom.TaskListPage.getNewCustOption(TaskListPage.java:33)
at com.actitime.pom.TaskListPage.getNewCustOption(TaskListPage.java:33)
at com.actitime.pom.TaskListPage.getNewCustOption(TaskListPage.java:33)
at com.actitime.pom.TaskListPage.getNewCustOption(TaskListPage.java:33)
at com.actitime.pom.TaskListPage.getNewCustOption(TaskListPage.java:33)
at com.actitime.pom.TaskListPage.getNewCustOption(TaskListPage.java:33)
at com.actitime.pom.TaskListPage.getNewCustOption(TaskListPage.java:33)
at com.actitime.pom.TaskListPage.getNewCustOption(TaskListPage.java:33)
at com.actitime.pom.TaskListPage.getNewCustOption(TaskListPage.java:33)
at com.actitime.pom.TaskListPage.getNewCustOption(TaskListPage.java:33)
at com.actitime.pom.TaskListPage.getNewCustOption(TaskListPage.java:33)
at com.actitime.pom.TaskListPage.getNewCustOption(TaskListPage.java:33)
at com.actitime.pom.TaskListPage.getNewCustOption(TaskListPage.java:33)
at com.actitime.pom.TaskListPage.getNewCustOption(TaskListPage.java:33)
at com.actitime.pom.TaskListPage.getNewCustOption(TaskListPage.java:33)
at com.actitime.pom.TaskListPage.getNewCustOption(TaskListPage.java:33)
at com.actitime.pom.TaskListPage.getNewCustOption(TaskListPage.java:33)
at com.actitime.pom.TaskListPage.getNewCustOption(TaskListPage.java:33)
at com.actitime.pom.TaskListPage.getNewCustOption(TaskListPage.java:33)
at com.actitime.pom.TaskListPage.getNewCustOption(TaskListPage.java:33)
at com.actitime.pom.TaskListPage.getNewCustOption(TaskListPage.java:33)
at com.actitime.pom.TaskListPage.getNewCustOption(TaskListPage.java:33)
at com.actitime.pom.TaskListPage.getNewCustOption(TaskListPage.java:33)
at com.actitime.pom.TaskListPage.getNewCustOption(TaskListPage.java:33)
at com.actitime.pom.TaskListPage.getNewCustOption(TaskListPage.java:33)
at com.actitime.pom.TaskListPage.getNewCustOption(TaskListPage.java:33)
at com.actitime.pom.TaskListPage.getNewCustOption(TaskListPage.java:33)
at com.actitime.pom.TaskListPage.getNewCustOption(TaskListPage.java:33)
at com.actitime.pom.TaskListPage.getNewCustOption(TaskListPage.java:33)
at com.actitime.pom.TaskListPage.getNewCustOption(TaskListPage.java:33)
at com.actitime.pom.TaskListPage.getNewCustOption(TaskListPage.java:33)
at com.actitime.pom.TaskListPage.getNewCustOption(TaskListPage.java:33)
at com.actitime.pom.TaskListPage.getNewCustOption(TaskListPage.java:33)
at com.actitime.pom.TaskListPage.getNewCustOption(TaskListPage.java:33)
at com.actitime.pom.TaskListPage.getNewCustOption(TaskListPage.java:33)
at com.actitime.pom.TaskListPage.getNewCustOption(TaskListPage.java:33)
at com.actitime.pom.TaskListPage.getNewCustOption(TaskListPage.java:33)
at com.actitime.pom.TaskListPage.getNewCustOption(TaskListPage.java:33)
at com.actitime.pom.TaskListPage.getNewCustOption(TaskListPage.java:33)
at com.actitime.pom.TaskListPage.getNewCustOption(TaskListPage.java:33)
at com.actitime.pom.TaskListPage.getNewCustOption(TaskListPage.java:33)
at com.actitime.pom.TaskListPage.getNewCustOption(TaskListPage.java:33)
at com.actitime.pom.TaskListPage.getNewCustOption(TaskListPage.java:33)
at com.actitime.pom.TaskListPage.getNewCustOption(TaskListPage.java:33)
at com.actitime.pom.TaskListPage.getNewCustOption(TaskListPage.java:33)
at com.actitime.pom.TaskListPage.getNewCustOption(TaskListPage.java:33)
at com.actitime.pom.TaskListPage.getNewCustOption(TaskListPage.java:33)
at com.actitime.pom.TaskListPage.getNewCustOption(TaskListPage.java:33)
at com.actitime.pom.TaskListPage.getNewCustOption(TaskListPage.java:33)
at com.actitime.pom.TaskListPage.getNewCustOption(TaskListPage.java:33)
at com.actitime.pom.TaskListPage.getNewCustOption(TaskListPage.java:33)
at com.actitime.pom.TaskListPage.getNewCustOption(TaskListPage.java:33)
at com.actitime.pom.TaskListPage.getNewCustOption(TaskListPage.java:33)
at com.actitime.pom.TaskListPage.getNewCustOption(TaskListPage.java:33)
at com.actitime.pom.TaskListPage.getNewCustOption(TaskListPage.java:33)
at com.actitime.pom.TaskListPage.getNewCustOption(TaskListPage.java:33)
at com.actitime.pom.TaskListPage.getNewCustOption(TaskListPage.java:33)
at com.actitime.pom.TaskListPage.getNewCustOption(TaskListPage.java:33)
at com.actitime.pom.TaskListPage.getNewCustOption(TaskListPage.java:33)
at com.actitime.pom.TaskListPage.getNewCustOption(TaskListPage.java:33)
at com.actitime.pom.TaskListPage.getNewCustOption(TaskListPage.java:33)
at com.actitime.pom.TaskListPage.getNewCustOption(TaskListPage.java:33)
at com.actitime.pom.TaskListPage.getNewCustOption(TaskListPage.java:33)
at com.actitime.pom.TaskListPage.getNewCustOption(TaskListPage.java:33)
at com.actitime.pom.TaskListPage.getNewCustOption(TaskListPage.java:33)
at com.actitime.pom.TaskListPage.getNewCustOption(TaskListPage.java:33)
at com.actitime.pom.TaskListPage.getNewCustOption(TaskListPage.java:33)
at com.actitime.pom.TaskListPage.getNewCustOption(TaskListPage.java:33)
at com.actitime.pom.TaskListPage.getNewCustOption(TaskListPage.java:33)
at com.actitime.pom.TaskListPage.getNewCustOption(TaskListPage.java:33)
at com.actitime.pom.TaskListPage.getNewCustOption(TaskListPage.java:33)
at com.actitime.pom.TaskListPage.getNewCustOption(TaskListPage.java:33)
at com.actitime.pom.TaskListPage.getNewCustOption(TaskListPage.java:33)
at com.actitime.pom.TaskListPage.getNewCustOption(TaskListPage.java:33)
at com.actitime.pom.TaskListPage.getNewCustOption(TaskListPage.java:33)
at com.actitime.pom.TaskListPage.getNewCustOption(TaskListPage.java:33)
at com.actitime.pom.TaskListPage.getNewCustOption(TaskListPage.java:33)
at com.actitime.pom.TaskListPage.getNewCustOption(TaskListPage.java:33)
at com.actitime.pom.TaskListPage.getNewCustOption(TaskListPage.java:33)
at com.actitime.pom.TaskListPage.getNewCustOption(TaskListPage.java:33)
at com.actitime.pom.TaskListPage.getNewCustOption(TaskListPage.java:33)
at com.actitime.pom.TaskListPage.getNewCustOption(TaskListPage.java:33)
at com.actitime.pom.TaskListPage.getNewCustOption(TaskListPage.java:33)
at com.actitime.pom.TaskListPage.getNewCustOption(TaskListPage.java:33)
at com.actitime.pom.TaskListPage.getNewCustOption(TaskListPage.java:33)
at com.actitime.pom.TaskListPage.getNewCustOption(TaskListPage.java:33)
at com.actitime.pom.TaskListPage.getNewCustOption(TaskListPage.java:33)
at com.actitime.pom.TaskListPage.getNewCustOption(TaskListPage.java:33)
at com.actitime.pom.TaskListPage.getNewCustOption(TaskListPage.java:33)
at com.actitime.pom.TaskListPage.getNewCustOption(TaskListPage.java:33)
at com.actitime.pom.TaskListPage.getNewCustOption(TaskListPage.java:33)
at com.actitime.pom.TaskListPage.getNewCustOption(TaskListPage.java:33)
at com.actitime.pom.TaskListPage.getNewCustOption(TaskListPage.java:33)
at com.actitime.pom.TaskListPage.getNewCustOption(TaskListPage.java:33)
at com.actitime.pom.TaskListPage.getNewCustOption(TaskListPage.java:33)
at com.actitime.pom.TaskListPage.getNewCustOption(TaskListPage.java:33)
at com.actitime.pom.TaskListPage.getNewCustOption(TaskListPage.java:33)
at com.actitime.pom.TaskListPage.getNewCustOption(TaskListPage.java:33)
at com.actitime.pom.TaskListPage.getNewCustOption(TaskListPage.java:33)
at com.actitime.pom.TaskListPage.getNewCustOption(TaskListPage.java:33)
at com.actitime.pom.TaskListPage.getNewCustOption(TaskListPage.java:33)
at com.actitime.pom.TaskListPage.getNewCustOption(TaskListPage.java:33)
at com.actitime.pom.TaskListPage.getNewCustOption(TaskListPage.java:33)
at com.actitime.pom.TaskListPage.getNewCustOption(TaskListPage.java:33)
at com.actitime.pom.TaskListPage.getNewCustOption(TaskListPage.java:33)
at com.actitime.pom.TaskListPage.getNewCustOption(TaskListPage.java:33)
at com.actitime.pom.TaskListPage.getNewCustOption(TaskListPage.java:33)
at com.actitime.pom.TaskListPage.getNewCustOption(TaskListPage.java:33)
at com.actitime.pom.TaskListPage.getNewCustOption(TaskListPage.java:33)
at com.actitime.pom.TaskListPage.getNewCustOption(TaskListPage.java:33)
at com.actitime.pom.TaskListPage.getNewCustOption(TaskListPage.java:33)
at com.actitime.pom.TaskListPage.getNewCustOption(TaskListPage.java:33)
at com.actitime.pom.TaskListPage.getNewCustOption(TaskListPage.java:33)
at com.actitime.pom.TaskListPage.getNewCustOption(TaskListPage.java:33)
at com.actitime.pom.TaskListPage.getNewCustOption(TaskListPage.java:33)
at com.actitime.pom.TaskListPage.getNewCustOption(TaskListPage.java:33)
at com.actitime.pom.TaskListPage.getNewCustOption(TaskListPage.java:33)
at com.actitime.pom.TaskListPage.getNewCustOption(TaskListPage.java:33)
at com.actitime.pom.TaskListPage.getNewCustOption(TaskListPage.java:33)
at com.actitime.pom.TaskListPage.getNewCustOption(TaskListPage.java:33)
at com.actitime.pom.TaskListPage.getNewCustOption(TaskListPage.java:33)
at com.actitime.pom.TaskListPage.getNewCustOption(TaskListPage.java:33)
at com.actitime.pom.TaskListPage.getNewCustOption(TaskListPage.java:33)
at com.actitime.pom.TaskListPage.getNewCustOption(TaskListPage.java:33)
at com.actitime.pom.TaskListPage.getNewCustOption(TaskListPage.java:33)
at com.actitime.pom.TaskListPage.getNewCustOption(TaskListPage.java:33)
at com.actitime.pom.TaskListPage.getNewCustOption(TaskListPage.java:33)
at com.actitime.pom.TaskListPage.getNewCustOption(TaskListPage.java:33)
at com.actitime.pom.TaskListPage.getNewCustOption(TaskListPage.java:33)
at com.actitime.pom.TaskListPage.getNewCustOption(TaskListPage.java:33)
at com.actitime.pom.TaskListPage.getNewCustOption(TaskListPage.java:33)
at com.actitime.pom.TaskListPage.getNewCustOption(TaskListPage.java:33)
at com.actitime.pom.TaskListPage.getNewCustOption(TaskListPage.java:33)
at com.actitime.pom.TaskListPage.getNewCustOption(TaskListPage.java:33)
at com.actitime.pom.TaskListPage.getNewCustOption(TaskListPage.java:33)
at com.actitime.pom.TaskListPage.getNewCustOption(TaskListPage.java:33)
at com.actitime.pom.TaskListPage.getNewCustOption(TaskListPage.java:33)
at com.actitime.pom.TaskListPage.getNewCustOption(TaskListPage.java:33)
at com.actitime.pom.TaskListPage.getNewCustOption(TaskListPage.java:33)
at com.actitime.pom.TaskListPage.getNewCustOption(TaskListPage.java:33)
at com.actitime.pom.TaskListPage.getNewCustOption(TaskListPage.java:33)
at com.actitime.pom.TaskListPage.getNewCustOption(TaskListPage.java:33)
at com.actitime.pom.TaskListPage.getNewCustOption(TaskListPage.java:33)
at com.actitime.pom.TaskListPage.getNewCustOption(TaskListPage.java:33)
at com.actitime.pom.TaskListPage.getNewCustOption(TaskListPage.java:33)
at com.actitime.pom.TaskListPage.getNewCustOption(TaskListPage.java:33)
at com.actitime.pom.TaskListPage.getNewCustOption(TaskListPage.java:33)
at com.actitime.pom.TaskListPage.getNewCustOption(TaskListPage.java:33)
at com.actitime.pom.TaskListPage.getNewCustOption(TaskListPage.java:33)
at com.actitime.pom.TaskListPage.getNewCustOption(TaskListPage.java:33)
at com.actitime.pom.TaskListPage.getNewCustOption(TaskListPage.java:33)
at com.actitime.pom.TaskListPage.getNewCustOption(TaskListPage.java:33)
at com.actitime.pom.TaskListPage.getNewCustOption(TaskListPage.java:33)
at com.actitime.pom.TaskListPage.getNewCustOption(TaskListPage.java:33)
at com.actitime.pom.TaskListPage.getNewCustOption(TaskListPage.java:33)
at com.actitime.pom.TaskListPage.getNewCustOption(TaskListPage.java:33)
at com.actitime.pom.TaskListPage.getNewCustOption(TaskListPage.java:33)
at com.actitime.pom.TaskListPage.getNewCustOption(TaskListPage.java:33)
at com.actitime.pom.TaskListPage.getNewCustOption(TaskListPage.java:33)
at com.actitime.pom.TaskListPage.getNewCustOption(TaskListPage.java:33)
at com.actitime.pom.TaskListPage.getNewCustOption(TaskListPage.java:33)
at com.actitime.pom.TaskListPage.getNewCustOption(TaskListPage.java:33)
at com.actitime.pom.TaskListPage.getNewCustOption(TaskListPage.java:33)
at com.actitime.pom.TaskListPage.getNewCustOption(TaskListPage.java:33)
at com.actitime.pom.TaskListPage.getNewCustOption(TaskListPage.java:33)
at com.actitime.pom.TaskListPage.getNewCustOption(TaskListPage.java:33)
at com.actitime.pom.TaskListPage.getNewCustOption(TaskListPage.java:33)
at com.actitime.pom.TaskListPage.getNewCustOption(TaskListPage.java:33)
at com.actitime.pom.TaskListPage.getNewCustOption(TaskListPage.java:33)
at com.actitime.pom.TaskListPage.getNewCustOption(TaskListPage.java:33)
at com.actitime.pom.TaskListPage.getNewCustOption(TaskListPage.java:33)
at com.actitime.pom.TaskListPage.getNewCustOption(TaskListPage.java:33)
at com.actitime.pom.TaskListPage.getNewCustOption(TaskListPage.java:33)
at com.actitime.pom.TaskListPage.getNewCustOption(TaskListPage.java:33)
at com.actitime.pom.TaskListPage.getNewCustOption(TaskListPage.java:33)
at com.actitime.pom.TaskListPage.getNewCustOption(TaskListPage.java:33)
at com.actitime.pom.TaskListPage.getNewCustOption(TaskListPage.java:33)
at com.actitime.pom.TaskListPage.getNewCustOption(TaskListPage.java:33)
at com.actitime.pom.TaskListPage.getNewCustOption(TaskListPage.java:33)
at com.actitime.pom.TaskListPage.getNewCustOption(TaskListPage.java:33)
at com.actitime.pom.TaskListPage.getNewCustOption(TaskListPage.java:33)
at com.actitime.pom.TaskListPage.getNewCustOption(TaskListPage.java:33)
at com.actitime.pom.TaskListPage.getNewCustOption(TaskListPage.java:33)
at com.actitime.pom.TaskListPage.getNewCustOption(TaskListPage.java:33)
at com.actitime.pom.TaskListPage.getNewCustOption(TaskListPage.java:33)
at com.actitime.pom.TaskListPage.getNewCustOption(TaskListPage.java:33)
at com.actitime.pom.TaskListPage.getNewCustOption(TaskListPage.java:33)
at com.actitime.pom.TaskListPage.getNewCustOption(TaskListPage.java:33)
at com.actitime.pom.TaskListPage.getNewCustOption(TaskListPage.java:33)
at com.actitime.pom.TaskListPage.getNewCustOption(TaskListPage.java:33)
at com.actitime.pom.TaskListPage.getNewCustOption(TaskListPage.java:33)
at com.actitime.pom.TaskListPage.getNewCustOption(TaskListPage.java:33)
at com.actitime.pom.TaskListPage.getNewCustOption(TaskListPage.java:33)
at com.actitime.pom.TaskListPage.getNewCustOption(TaskListPage.java:33)
at com.actitime.pom.TaskListPage.getNewCustOption(TaskListPage.java:33)
at com.actitime.pom.TaskListPage.getNewCustOption(TaskListPage.java:33)
at com.actitime.pom.TaskListPage.getNewCustOption(TaskListPage.java:33)
at com.actitime.pom.TaskListPage.getNewCustOption(TaskListPage.java:33)
at com.actitime.pom.TaskListPage.getNewCustOption(TaskListPage.java:33)
at com.actitime.pom.TaskListPage.getNewCustOption(TaskListPage.java:33)
at com.actitime.pom.TaskListPage.getNewCustOption(TaskListPage.java:33)
at com.actitime.pom.TaskListPage.getNewCustOption(TaskListPage.java:33)
at com.actitime.pom.TaskListPage.getNewCustOption(TaskListPage.java:33)
at com.actitime.pom.TaskListPage.getNewCustOption(TaskListPage.java:33)
at com.actitime.pom.TaskListPage.getNewCustOption(TaskListPage.java:33)
at com.actitime.pom.TaskListPage.getNewCustOption(TaskListPage.java:33)
at com.actitime.pom.TaskListPage.getNewCustOption(TaskListPage.java:33)
at com.actitime.pom.TaskListPage.getNewCustOption(TaskListPage.java:33)
at com.actitime.pom.TaskListPage.getNewCustOption(TaskListPage.java:33)
at com.actitime.pom.TaskListPage.getNewCustOption(TaskListPage.java:33)
at com.actitime.pom.TaskListPage.getNewCustOption(TaskListPage.java:33)
at com.actitime.pom.TaskListPage.getNewCustOption(TaskListPage.java:33)
at com.actitime.pom.TaskListPage.getNewCustOption(TaskListPage.java:33)
at com.actitime.pom.TaskListPage.getNewCustOption(TaskListPage.java:33)
at com.actitime.pom.TaskListPage.getNewCustOption(TaskListPage.java:33)
at com.actitime.pom.TaskListPage.getNewCustOption(TaskListPage.java:33)
at com.actitime.pom.TaskListPage.getNewCustOption(TaskListPage.java:33)
at com.actitime.pom.TaskListPage.getNewCustOption(TaskListPage.java:33)
at com.actitime.pom.TaskListPage.getNewCustOption(TaskListPage.java:33)
at com.actitime.pom.TaskListPage.getNewCustOption(TaskListPage.java:33)
at com.actitime.pom.TaskListPage.getNewCustOption(TaskListPage.java:33)
at com.actitime.pom.TaskListPage.getNewCustOption(TaskListPage.java:33)
at com.actitime.pom.TaskListPage.getNewCustOption(TaskListPage.java:33)
at com.actitime.pom.TaskListPage.getNewCustOption(TaskListPage.java:33)
at com.actitime.pom.TaskListPage.getNewCustOption(TaskListPage.java:33)
at com.actitime.pom.TaskListPage.getNewCustOption(TaskListPage.java:33)
at com.actitime.pom.TaskListPage.getNewCustOption(TaskListPage.java:33)
at com.actitime.pom.TaskListPage.getNewCustOption(TaskListPage.java:33)
at com.actitime.pom.TaskListPage.getNewCustOption(TaskListPage.java:33)
at com.actitime.pom.TaskListPage.getNewCustOption(TaskListPage.java:33)
at com.actitime.pom.TaskListPage.getNewCustOption(TaskListPage.java:33)
at com.actitime.pom.TaskListPage.getNewCustOption(TaskListPage.java:33)
at com.actitime.pom.TaskListPage.getNewCustOption(TaskListPage.java:33)
at com.actitime.pom.TaskListPage.getNewCustOption(TaskListPage.java:33)
at com.actitime.pom.TaskListPage.getNewCustOption(TaskListPage.java:33)
at com.actitime.pom.TaskListPage.getNewCustOption(TaskListPage.java:33)
at com.actitime.pom.TaskListPage.getNewCustOption(TaskListPage.java:33)
at com.actitime.pom.TaskListPage.getNewCustOption(TaskListPage.java:33)
at com.actitime.pom.TaskListPage.getNewCustOption(TaskListPage.java:33)
at com.actitime.pom.TaskListPage.getNewCustOption(TaskListPage.java:33)
at com.actitime.pom.TaskListPage.getNewCustOption(TaskListPage.java:33)
at com.actitime.pom.TaskListPage.getNewCustOption(TaskListPage.java:33)
at com.actitime.pom.TaskListPage.getNewCustOption(TaskListPage.java:33)
at com.actitime.pom.TaskListPage.getNewCustOption(TaskListPage.java:33)
at com.actitime.pom.TaskListPage.getNewCustOption(TaskListPage.java:33)
at com.actitime.pom.TaskListPage.getNewCustOption(TaskListPage.java:33)
at com.actitime.pom.TaskListPage.getNewCustOption(TaskListPage.java:33)
at com.actitime.pom.TaskListPage.getNewCustOption(TaskListPage.java:33)
at com.actitime.pom.TaskListPage.getNewCustOption(TaskListPage.java:33)
at com.actitime.pom.TaskListPage.getNewCustOption(TaskListPage.java:33)
at com.actitime.pom.TaskListPage.getNewCustOption(TaskListPage.java:33)
at com.actitime.pom.TaskListPage.getNewCustOption(TaskListPage.java:33)
at com.actitime.pom.TaskListPage.getNewCustOption(TaskListPage.java:33)
at com.actitime.pom.TaskListPage.getNewCustOption(TaskListPage.java:33)
at com.actitime.pom.TaskListPage.getNewCustOption(TaskListPage.java:33)
at com.actitime.pom.TaskListPage.getNewCustOption(TaskListPage.java:33)
at com.actitime.pom.TaskListPage.getNewCustOption(TaskListPage.java:33)
at com.actitime.pom.TaskListPage.getNewCustOption(TaskListPage.java:33)
at com.actitime.pom.TaskListPage.getNewCustOption(TaskListPage.java:33)
at com.actitime.pom.TaskListPage.getNewCustOption(TaskListPage.java:33)
at com.actitime.pom.TaskListPage.getNewCustOption(TaskListPage.java:33)
at com.actitime.pom.TaskListPage.getNewCustOption(TaskListPage.java:33)
at com.actitime.pom.TaskListPage.getNewCustOption(TaskListPage.java:33)
at com.actitime.pom.TaskListPage.getNewCustOption(TaskListPage.java:33)
at com.actitime.pom.TaskListPage.getNewCustOption(TaskListPage.java:33)
at com.actitime.pom.TaskListPage.getNewCustOption(TaskListPage.java:33)
at com.actitime.pom.TaskListPage.getNewCustOption(TaskListPage.java:33)
at com.actitime.pom.TaskListPage.getNewCustOption(TaskListPage.java:33)
at com.actitime.pom.TaskListPage.getNewCustOption(TaskListPage.java:33)
at com.actitime.pom.TaskListPage.getNewCustOption(TaskListPage.java:33)
at com.actitime.pom.TaskListPage.getNewCustOption(TaskListPage.java:33)
at com.actitime.pom.TaskListPage.getNewCustOption(TaskListPage.java:33)
at com.actitime.pom.TaskListPage.getNewCustOption(TaskListPage.java:33)
at com.actitime.pom.TaskListPage.getNewCustOption(TaskListPage.java:33)
at com.actitime.pom.TaskListPage.getNewCustOption(TaskListPage.java:33)
at com.actitime.pom.TaskListPage.getNewCustOption(TaskListPage.java:33)
at com.actitime.pom.TaskListPage.getNewCustOption(TaskListPage.java:33)
at com.actitime.pom.TaskListPage.getNewCustOption(TaskListPage.java:33)
at com.actitime.pom.TaskListPage.getNewCustOption(TaskListPage.java:33)
at com.actitime.pom.TaskListPage.getNewCustOption(TaskListPage.java:33)
at com.actitime.pom.TaskListPage.getNewCustOption(TaskListPage.java:33)
at com.actitime.pom.TaskListPage.getNewCustOption(TaskListPage.java:33)
at com.actitime.pom.TaskListPage.getNewCustOption(TaskListPage.java:33)
at com.actitime.pom.TaskListPage.getNewCustOption(TaskListPage.java:33)
at com.actitime.pom.TaskListPage.getNewCustOption(TaskListPage.java:33)
at com.actitime.pom.TaskListPage.getNewCustOption(TaskListPage.java:33)
at com.actitime.pom.TaskListPage.getNewCustOption(TaskListPage.java:33)
at com.actitime.pom.TaskListPage.getNewCustOption(TaskListPage.java:33)
at com.actitime.pom.TaskListPage.getNewCustOption(TaskListPage.java:33)
at com.actitime.pom.TaskListPage.getNewCustOption(TaskListPage.java:33)
at com.actitime.pom.TaskListPage.getNewCustOption(TaskListPage.java:33)
at com.actitime.pom.TaskListPage.getNewCustOption(TaskListPage.java:33)
at com.actitime.pom.TaskListPage.getNewCustOption(TaskListPage.java:33)
at com.actitime.pom.TaskListPage.getNewCustOption(TaskListPage.java:33)
at com.actitime.pom.TaskListPage.getNewCustOption(TaskListPage.java:33)
at com.actitime.pom.TaskListPage.getNewCustOption(TaskListPage.java:33)
at com.actitime.pom.TaskListPage.getNewCustOption(TaskListPage.java:33)
at com.actitime.pom.TaskListPage.getNewCustOption(TaskListPage.java:33)
at com.actitime.pom.TaskListPage.getNewCustOption(TaskListPage.java:33)
at com.actitime.pom.TaskListPage.getNewCustOption(TaskListPage.java:33)
at com.actitime.pom.TaskListPage.getNewCustOption(TaskListPage.java:33)
at com.actitime.pom.TaskListPage.getNewCustOption(TaskListPage.java:33)
at com.actitime.pom.TaskListPage.getNewCustOption(TaskListPage.java:33)
at com.actitime.pom.TaskListPage.getNewCustOption(TaskListPage.java:33)
at com.actitime.pom.TaskListPage.getNewCustOption(TaskListPage.java:33)
at com.actitime.pom.TaskListPage.getNewCustOption(TaskListPage.java:33)
at com.actitime.pom.TaskListPage.getNewCustOption(TaskListPage.java:33)
at com.actitime.pom.TaskListPage.getNewCustOption(TaskListPage.java:33)
at com.actitime.pom.TaskListPage.getNewCustOption(TaskListPage.java:33)
at com.actitime.pom.TaskListPage.getNewCustOption(TaskListPage.java:33)
at com.actitime.pom.TaskListPage.getNewCustOption(TaskListPage.java:33)
at com.actitime.pom.TaskListPage.getNewCustOption(TaskListPage.java:33)
at com.actitime.pom.TaskListPage.getNewCustOption(TaskListPage.java:33)
at com.actitime.pom.TaskListPage.getNewCustOption(TaskListPage.java:33)
at com.actitime.pom.TaskListPage.getNewCustOption(TaskListPage.java:33)
at com.actitime.pom.TaskListPage.getNewCustOption(TaskListPage.java:33)
at com.actitime.pom.TaskListPage.getNewCustOption(TaskListPage.java:33)
at com.actitime.pom.TaskListPage.getNewCustOption(TaskListPage.java:33)
at com.actitime.pom.TaskListPage.getNewCustOption(TaskListPage.java:33)
at com.actitime.pom.TaskListPage.getNewCustOption(TaskListPage.java:33)
at com.actitime.pom.TaskListPage.getNewCustOption(TaskListPage.java:33)
at com.actitime.pom.TaskListPage.getNewCustOption(TaskListPage.java:33)
at com.actitime.pom.TaskListPage.getNewCustOption(TaskListPage.java:33)
at com.actitime.pom.TaskListPage.getNewCustOption(TaskListPage.java:33)
at com.actitime.pom.TaskListPage.getNewCustOption(TaskListPage.java:33)
at com.actitime.pom.TaskListPage.getNewCustOption(TaskListPage.java:33)
at com.actitime.pom.TaskListPage.getNewCustOption(TaskListPage.java:33)
at com.actitime.pom.TaskListPage.getNewCustOption(TaskListPage.java:33)
at com.actitime.pom.TaskListPage.getNewCustOption(TaskListPage.java:33)
at com.actitime.pom.TaskListPage.getNewCustOption(TaskListPage.java:33)
at com.actitime.pom.TaskListPage.getNewCustOption(TaskListPage.java:33)
at com.actitime.pom.TaskListPage.getNewCustOption(TaskListPage.java:33)
at com.actitime.pom.TaskListPage.getNewCustOption(TaskListPage.java:33)
at com.actitime.pom.TaskListPage.getNewCustOption(TaskListPage.java:33)
at com.actitime.pom.TaskListPage.getNewCustOption(TaskListPage.java:33)
at com.actitime.pom.TaskListPage.getNewCustOption(TaskListPage.java:33)
at com.actitime.pom.TaskListPage.getNewCustOption(TaskListPage.java:33)
at com.actitime.pom.TaskListPage.getNewCustOption(TaskListPage.java:33)
at com.actitime.pom.TaskListPage.getNewCustOption(TaskListPage.java:33)
at com.actitime.pom.TaskListPage.getNewCustOption(TaskListPage.java:33)
at com.actitime.pom.TaskListPage.getNewCustOption(TaskListPage.java:33)
at com.actitime.pom.TaskListPage.getNewCustOption(TaskListPage.java:33)
at com.actitime.pom.TaskListPage.getNewCustOption(TaskListPage.java:33)
at com.actitime.pom.TaskListPage.getNewCustOption(TaskListPage.java:33)
at com.actitime.pom.TaskListPage.getNewCustOption(TaskListPage.java:33)
at com.actitime.pom.TaskListPage.getNewCustOption(TaskListPage.java:33)
at com.actitime.pom.TaskListPage.getNewCustOption(TaskListPage.java:33)
at com.actitime.pom.TaskListPage.getNewCustOption(TaskListPage.java:33)
at com.actitime.pom.TaskListPage.getNewCustOption(TaskListPage.java:33)
at com.actitime.pom.TaskListPage.getNewCustOption(TaskListPage.java:33)
at com.actitime.pom.TaskListPage.getNewCustOption(TaskListPage.java:33)
at com.actitime.pom.TaskListPage.getNewCustOption(TaskListPage.java:33)
at com.actitime.pom.TaskListPage.getNewCustOption(TaskListPage.java:33)
at com.actitime.pom.TaskListPage.getNewCustOption(TaskListPage.java:33)
at com.actitime.pom.TaskListPage.getNewCustOption(TaskListPage.java:33)
at com.actitime.pom.TaskListPage.getNewCustOption(TaskListPage.java:33)
at com.actitime.pom.TaskListPage.getNewCustOption(TaskListPage.java:33)
at com.actitime.pom.TaskListPage.getNewCustOption(TaskListPage.java:33)
at com.actitime.pom.TaskListPage.getNewCustOption(TaskListPage.java:33)
at com.actitime.pom.TaskListPage.getNewCustOption(TaskListPage.java:33)
at com.actitime.pom.TaskListPage.getNewCustOption(TaskListPage.java:33)
at com.actitime.pom.TaskListPage.getNewCustOption(TaskListPage.java:33)
at com.actitime.pom.TaskListPage.getNewCustOption(TaskListPage.java:33)
at com.actitime.pom.TaskListPage.getNewCustOption(TaskListPage.java:33)
at com.actitime.pom.TaskListPage.getNewCustOption(TaskListPage.java:33)
at com.actitime.pom.TaskListPage.getNewCustOption(TaskListPage.java:33)
at com.actitime.pom.TaskListPage.getNewCustOption(TaskListPage.java:33)
at com.actitime.pom.TaskListPage.getNewCustOption(TaskListPage.java:33)
at com.actitime.pom.TaskListPage.getNewCustOption(TaskListPage.java:33)
at com.actitime.pom.TaskListPage.getNewCustOption(TaskListPage.java:33)
at com.actitime.pom.TaskListPage.getNewCustOption(TaskListPage.java:33)
at com.actitime.pom.TaskListPage.getNewCustOption(TaskListPage.java:33)
at com.actitime.pom.TaskListPage.getNewCustOption(TaskListPage.java:33)
at com.actitime.pom.TaskListPage.getNewCustOption(TaskListPage.java:33)
at com.actitime.pom.TaskListPage.getNewCustOption(TaskListPage.java:33)
at com.actitime.pom.TaskListPage.getNewCustOption(TaskListPage.java:33)
at com.actitime.pom.TaskListPage.getNewCustOption(TaskListPage.java:33)
at com.actitime.pom.TaskListPage.getNewCustOption(TaskListPage.java:33)
at com.actitime.pom.TaskListPage.getNewCustOption(TaskListPage.java:33)
at com.actitime.pom.TaskListPage.getNewCustOption(TaskListPage.java:33)
at com.actitime.pom.TaskListPage.getNewCustOption(TaskListPage.java:33)
at com.actitime.pom.TaskListPage.getNewCustOption(TaskListPage.java:33)
at com.actitime.pom.TaskListPage.getNewCustOption(TaskListPage.java:33)
at com.actitime.pom.TaskListPage.getNewCustOption(TaskListPage.java:33)
at com.actitime.pom.TaskListPage.getNewCustOption(TaskListPage.java:33)
at com.actitime.pom.TaskListPage.getNewCustOption(TaskListPage.java:33)
at com.actitime.pom.TaskListPage.getNewCustOption(TaskListPage.java:33)
at com.actitime.pom.TaskListPage.getNewCustOption(TaskListPage.java:33)
at com.actitime.pom.TaskListPage.getNewCustOption(TaskListPage.java:33)
at com.actitime.pom.TaskListPage.getNewCustOption(TaskListPage.java:33)
at com.actitime.pom.TaskListPage.getNewCustOption(TaskListPage.java:33)
at com.actitime.pom.TaskListPage.getNewCustOption(TaskListPage.java:33)
at com.actitime.pom.TaskListPage.getNewCustOption(TaskListPage.java:33)
at com.actitime.pom.TaskListPage.getNewCustOption(TaskListPage.java:33)
at com.actitime.pom.TaskListPage.getNewCustOption(TaskListPage.java:33)
at com.actitime.pom.TaskListPage.getNewCustOption(TaskListPage.java:33)
at com.actitime.pom.TaskListPage.getNewCustOption(TaskListPage.java:33)
at com.actitime.pom.TaskListPage.getNewCustOption(TaskListPage.java:33)
at com.actitime.pom.TaskListPage.getNewCustOption(TaskListPage.java:33)
at com.actitime.pom.TaskListPage.getNewCustOption(TaskListPage.java:33)
at com.actitime.pom.TaskListPage.getNewCustOption(TaskListPage.java:33)
at com.actitime.pom.TaskListPage.getNewCustOption(TaskListPage.java:33)
at com.actitime.pom.TaskListPage.getNewCustOption(TaskListPage.java:33)
at com.actitime.pom.TaskListPage.getNewCustOption(TaskListPage.java:33)
at com.actitime.pom.TaskListPage.getNewCustOption(TaskListPage.java:33)
at com.actitime.pom.TaskListPage.getNewCustOption(TaskListPage.java:33)
at com.actitime.pom.TaskListPage.getNewCustOption(TaskListPage.java:33)
at com.actitime.pom.TaskListPage.getNewCustOption(TaskListPage.java:33)
at com.actitime.pom.TaskListPage.getNewCustOption(TaskListPage.java:33)
at com.actitime.pom.TaskListPage.getNewCustOption(TaskListPage.java:33)
at com.actitime.pom.TaskListPage.getNewCustOption(TaskListPage.java:33)
at com.actitime.pom.TaskListPage.getNewCustOption(TaskListPage.java:33)
at com.actitime.pom.TaskListPage.getNewCustOption(TaskListPage.java:33)
at com.actitime.pom.TaskListPage.getNewCustOption(TaskListPage.java:33)
at com.actitime.pom.TaskListPage.getNewCustOption(TaskListPage.java:33)
at com.actitime.pom.TaskListPage.getNewCustOption(TaskListPage.java:33)
at com.actitime.pom.TaskListPage.getNewCustOption(TaskListPage.java:33)
at com.actitime.pom.TaskListPage.getNewCustOption(TaskListPage.java:33)
at com.actitime.pom.TaskListPage.getNewCustOption(TaskListPage.java:33)
at com.actitime.pom.TaskListPage.getNewCustOption(TaskListPage.java:33)
at com.actitime.pom.TaskListPage.getNewCustOption(TaskListPage.java:33)
at com.actitime.pom.TaskListPage.getNewCustOption(TaskListPage.java:33)
at com.actitime.pom.TaskListPage.getNewCustOption(TaskListPage.java:33)
at com.actitime.pom.TaskListPage.getNewCustOption(TaskListPage.java:33)
at com.actitime.pom.TaskListPage.getNewCustOption(TaskListPage.java:33)
at com.actitime.pom.TaskListPage.getNewCustOption(TaskListPage.java:33)
at com.actitime.pom.TaskListPage.getNewCustOption(TaskListPage.java:33)
at com.actitime.pom.TaskListPage.getNewCustOption(TaskListPage.java:33)
at com.actitime.pom.TaskListPage.getNewCustOption(TaskListPage.java:33)
at com.actitime.pom.TaskListPage.getNewCustOption(TaskListPage.java:33)
at com.actitime.pom.TaskListPage.getNewCustOption(TaskListPage.java:33)
at com.actitime.pom.TaskListPage.getNewCustOption(TaskListPage.java:33)
at com.actitime.pom.TaskListPage.getNewCustOption(TaskListPage.java:33)
at com.actitime.pom.TaskListPage.getNewCustOption(TaskListPage.java:33)
at com.actitime.pom.TaskListPage.getNewCustOption(TaskListPage.java:33)
at com.actitime.pom.TaskListPage.getNewCustOption(TaskListPage.java:33)
at com.actitime.pom.TaskListPage.getNewCustOption(TaskListPage.java:33)
at com.actitime.pom.TaskListPage.getNewCustOption(TaskListPage.java:33)
at com.actitime.pom.TaskListPage.getNewCustOption(TaskListPage.java:33)
at com.actitime.pom.TaskListPage.getNewCustOption(TaskListPage.java:33)
at com.actitime.pom.TaskListPage.getNewCustOption(TaskListPage.java:33)
at com.actitime.pom.TaskListPage.getNewCustOption(TaskListPage.java:33)
at com.actitime.pom.TaskListPage.getNewCustOption(TaskListPage.java:33)
at com.actitime.pom.TaskListPage.getNewCustOption(TaskListPage.java:33)
at com.actitime.pom.TaskListPage.getNewCustOption(TaskListPage.java:33)
at com.actitime.pom.TaskListPage.getNewCustOption(TaskListPage.java:33)
at com.actitime.pom.TaskListPage.getNewCustOption(TaskListPage.java:33)
at com.actitime.pom.TaskListPage.getNewCustOption(TaskListPage.java:33)
at com.actitime.pom.TaskListPage.getNewCustOption(TaskListPage.java:33)
at com.actitime.pom.TaskListPage.getNewCustOption(TaskListPage.java:33)
at com.actitime.pom.TaskListPage.getNewCustOption(TaskListPage.java:33)
at com.actitime.pom.TaskListPage.getNewCustOption(TaskListPage.java:33)
at com.actitime.pom.TaskListPage.getNewCustOption(TaskListPage.java:33)
at com.actitime.pom.TaskListPage.getNewCustOption(TaskListPage.java:33)
at com.actitime.pom.TaskListPage.getNewCustOption(TaskListPage.java:33)
at com.actitime.pom.TaskListPage.getNewCustOption(TaskListPage.java:33)
at com.actitime.pom.TaskListPage.getNewCustOption(TaskListPage.java:33)
at com.actitime.pom.TaskListPage.getNewCustOption(TaskListPage.java:33)
at com.actitime.pom.TaskListPage.getNewCustOption(TaskListPage.java:33)
at com.actitime.pom.TaskListPage.getNewCustOption(TaskListPage.java:33)
at com.actitime.pom.TaskListPage.getNewCustOption(TaskListPage.java:33)
at com.actitime.pom.TaskListPage.getNewCustOption(TaskListPage.java:33)
at com.actitime.pom.TaskListPage.getNewCustOption(TaskListPage.java:33)
at com.actitime.pom.TaskListPage.getNewCustOption(TaskListPage.java:33)
at com.actitime.pom.TaskListPage.getNewCustOption(TaskListPage.java:33)
at com.actitime.pom.TaskListPage.getNewCustOption(TaskListPage.java:33)
at com.actitime.pom.TaskListPage.getNewCustOption(TaskListPage.java:33)
at com.actitime.pom.TaskListPage.getNewCustOption(TaskListPage.java:33)
at com.actitime.pom.TaskListPage.getNewCustOption(TaskListPage.java:33)
at com.actitime.pom.TaskListPage.getNewCustOption(TaskListPage.java:33)
at com.actitime.pom.TaskListPage.getNewCustOption(TaskListPage.java:33)
at com.actitime.pom.TaskListPage.getNewCustOption(TaskListPage.java:33)
at com.actitime.pom.TaskListPage.getNewCustOption(TaskListPage.java:33)
at com.actitime.pom.TaskListPage.getNewCustOption(TaskListPage.java:33)
at com.actitime.pom.TaskListPage.getNewCustOption(TaskListPage.java:33)
at com.actitime.pom.TaskListPage.getNewCustOption(TaskListPage.java:33)
at com.actitime.pom.TaskListPage.getNewCustOption(TaskListPage.java:33)
at com.actitime.pom.TaskListPage.getNewCustOption(TaskListPage.java:33)
at com.actitime.pom.TaskListPage.getNewCustOption(TaskListPage.java:33)
at com.actitime.pom.TaskListPage.getNewCustOption(TaskListPage.java:33)
at com.actitime.pom.TaskListPage.getNewCustOption(TaskListPage.java:33)
at com.actitime.pom.TaskListPage.getNewCustOption(TaskListPage.java:33)
at com.actitime.pom.TaskListPage.getNewCustOption(TaskListPage.java:33)
at com.actitime.pom.TaskListPage.getNewCustOption(TaskListPage.java:33)
at com.actitime.pom.TaskListPage.getNewCustOption(TaskListPage.java:33)
at com.actitime.pom.TaskListPage.getNewCustOption(TaskListPage.java:33)
at com.actitime.pom.TaskListPage.getNewCustOption(TaskListPage.java:33)
at com.actitime.pom.TaskListPage.getNewCustOption(TaskListPage.java:33)
at com.actitime.pom.TaskListPage.getNewCustOption(TaskListPage.java:33)
at com.actitime.pom.TaskListPage.getNewCustOption(TaskListPage.java:33)
at com.actitime.pom.TaskListPage.getNewCustOption(TaskListPage.java:33)
at com.actitime.pom.TaskListPage.getNewCustOption(TaskListPage.java:33)
at com.actitime.pom.TaskListPage.getNewCustOption(TaskListPage.java:33)
at com.actitime.pom.TaskListPage.getNewCustOption(TaskListPage.java:33)
at com.actitime.pom.TaskListPage.getNewCustOption(TaskListPage.java:33)
at com.actitime.pom.TaskListPage.getNewCustOption(TaskListPage.java:33)
at com.actitime.pom.TaskListPage.getNewCustOption(TaskListPage.java:33)
at com.actitime.pom.TaskListPage.getNewCustOption(TaskListPage.java:33)
at com.actitime.pom.TaskListPage.getNewCustOption(TaskListPage.java:33)
at com.actitime.pom.TaskListPage.getNewCustOption(TaskListPage.java:33)
at com.actitime.pom.TaskListPage.getNewCustOption(TaskListPage.java:33)
at com.actitime.pom.TaskListPage.getNewCustOption(TaskListPage.java:33)
at com.actitime.pom.TaskListPage.getNewCustOption(TaskListPage.java:33)
at com.actitime.pom.TaskListPage.getNewCustOption(TaskListPage.java:33)
at com.actitime.pom.TaskListPage.getNewCustOption(TaskListPage.java:33)
at com.actitime.pom.TaskListPage.getNewCustOption(TaskListPage.java:33)
at com.actitime.pom.TaskListPage.getNewCustOption(TaskListPage.java:33)
at com.actitime.pom.TaskListPage.getNewCustOption(TaskListPage.java:33)
at com.actitime.pom.TaskListPage.getNewCustOption(TaskListPage.java:33)
at com.actitime.pom.TaskListPage.getNewCustOption(TaskListPage.java:33)
at com.actitime.pom.TaskListPage.getNewCustOption(TaskListPage.java:33)
at com.actitime.pom.TaskListPage.getNewCustOption(TaskListPage.java:33)
at com.actitime.pom.TaskListPage.getNewCustOption(TaskListPage.java:33)
at com.actitime.pom.TaskListPage.getNewCustOption(TaskListPage.java:33)
at com.actitime.pom.TaskListPage.getNewCustOption(TaskListPage.java:33)
at com.actitime.pom.TaskListPage.getNewCustOption(TaskListPage.java:33)
at com.actitime.pom.TaskListPage.getNewCustOption(TaskListPage.java:33)
at com.actitime.pom.TaskListPage.getNewCustOption(TaskListPage.java:33)
at com.actitime.pom.TaskListPage.getNewCustOption(TaskListPage.java:33)
at com.actitime.pom.TaskListPage.getNewCustOption(TaskListPage.java:33)
at com.actitime.pom.TaskListPage.getNewCustOption(TaskListPage.java:33)
at com.actitime.pom.TaskListPage.getNewCustOption(TaskListPage.java:33)
at com.actitime.pom.TaskListPage.getNewCustOption(TaskListPage.java:33)
at com.actitime.pom.TaskListPage.getNewCustOption(TaskListPage.java:33)
at com.actitime.pom.TaskListPage.getNewCustOption(TaskListPage.java:33)
at com.actitime.pom.TaskListPage.getNewCustOption(TaskListPage.java:33)
at com.actitime.pom.TaskListPage.getNewCustOption(TaskListPage.java:33)
at com.actitime.pom.TaskListPage.getNewCustOption(TaskListPage.java:33)
at com.actitime.pom.TaskListPage.getNewCustOption(TaskListPage.java:33)
at com.actitime.pom.TaskListPage.getNewCustOption(TaskListPage.java:33)
at com.actitime.pom.TaskListPage.getNewCustOption(TaskListPage.java:33)
at com.actitime.pom.TaskListPage.getNewCustOption(TaskListPage.java:33)
at com.actitime.pom.TaskListPage.getNewCustOption(TaskListPage.java:33)
at com.actitime.pom.TaskListPage.getNewCustOption(TaskListPage.java:33)
at com.actitime.pom.TaskListPage.getNewCustOption(TaskListPage.java:33)
at com.actitime.pom.TaskListPage.getNewCustOption(TaskListPage.java:33)
at com.actitime.pom.TaskListPage.getNewCustOption(TaskListPage.java:33)
at com.actitime.pom.TaskListPage.getNewCustOption(TaskListPage.java:33)
at com.actitime.pom.TaskListPage.getNewCustOption(TaskListPage.java:33)
at com.actitime.pom.TaskListPage.getNewCustOption(TaskListPage.java:33)
at com.actitime.pom.TaskListPage.getNewCustOption(TaskListPage.java:33)
at com.actitime.pom.TaskListPage.getNewCustOption(TaskListPage.java:33)
at com.actitime.pom.TaskListPage.getNewCustOption(TaskListPage.java:33)
at com.actitime.pom.TaskListPage.getNewCustOption(TaskListPage.java:33)
at com.actitime.pom.TaskListPage.getNewCustOption(TaskListPage.java:33)
at com.actitime.pom.TaskListPage.getNewCustOption(TaskListPage.java:33)
at com.actitime.pom.TaskListPage.getNewCustOption(TaskListPage.java:33)
at com.actitime.pom.TaskListPage.getNewCustOption(TaskListPage.java:33)
at com.actitime.pom.TaskListPage.getNewCustOption(TaskListPage.java:33)
at com.actitime.pom.TaskListPage.getNewCustOption(TaskListPage.java:33)
at com.actitime.pom.TaskListPage.getNewCustOption(TaskListPage.java:33)
at com.actitime.pom.TaskListPage.getNewCustOption(TaskListPage.java:33)
at com.actitime.pom.TaskListPage.getNewCustOption(TaskListPage.java:33)
at com.actitime.pom.TaskListPage.getNewCustOption(TaskListPage.java:33)
at com.actitime.pom.TaskListPage.getNewCustOption(TaskListPage.java:33)
at com.actitime.pom.TaskListPage.getNewCustOption(TaskListPage.java:33)
at com.actitime.pom.TaskListPage.getNewCustOption(TaskListPage.java:33)
at com.actitime.pom.TaskListPage.getNewCustOption(TaskListPage.java:33)
at com.actitime.pom.TaskListPage.getNewCustOption(TaskListPage.java:33)
at com.actitime.pom.TaskListPage.getNewCustOption(TaskListPage.java:33)
at com.actitime.pom.TaskListPage.getNewCustOption(TaskListPage.java:33)
at com.actitime.pom.TaskListPage.getNewCustOption(TaskListPage.java:33)
at com.actitime.pom.TaskListPage.getNewCustOption(TaskListPage.java:33)
at com.actitime.pom.TaskListPage.getNewCustOption(TaskListPage.java:33)
at com.actitime.pom.TaskListPage.getNewCustOption(TaskListPage.java:33)
at com.actitime.pom.TaskListPage.getNewCustOption(TaskListPage.java:33)
at com.actitime.pom.TaskListPage.getNewCustOption(TaskListPage.java:33)
at com.actitime.pom.TaskListPage.getNewCustOption(TaskListPage.java:33)
at com.actitime.pom.TaskListPage.getNewCustOption(TaskListPage.java:33)
at com.actitime.pom.TaskListPage.getNewCustOption(TaskListPage.java:33)
at com.actitime.pom.TaskListPage.getNewCustOption(TaskListPage.java:33)
at com.actitime.pom.TaskListPage.getNewCustOption(TaskListPage.java:33)
at com.actitime.pom.TaskListPage.getNewCustOption(TaskListPage.java:33)
at com.actitime.pom.TaskListPage.getNewCustOption(TaskListPage.java:33)
at com.actitime.pom.TaskListPage.getNewCustOption(TaskListPage.java:33)
at com.actitime.pom.TaskListPage.getNewCustOption(TaskListPage.java:33)
at com.actitime.pom.TaskListPage.getNewCustOption(TaskListPage.java:33)
at com.actitime.pom.TaskListPage.getNewCustOption(TaskListPage.java:33)
at com.actitime.pom.TaskListPage.getNewCustOption(TaskListPage.java:33)
at com.actitime.pom.TaskListPage.getNewCustOption(TaskListPage.java:33)
at com.actitime.pom.TaskListPage.getNewCustOption(TaskListPage.java:33)
at com.actitime.pom.TaskListPage.getNewCustOption(TaskListPage.java:33)
at com.actitime.pom.TaskListPage.getNewCustOption(TaskListPage.java:33)
at com.actitime.pom.TaskListPage.getNewCustOption(TaskListPage.java:33)
at com.actitime.pom.TaskListPage.getNewCustOption(TaskListPage.java:33)
at com.actitime.pom.TaskListPage.getNewCustOption(TaskListPage.java:33)
at com.actitime.pom.TaskListPage.getNewCustOption(TaskListPage.java:33)
at com.actitime.pom.TaskListPage.getNewCustOption(TaskListPage.java:33)
at com.actitime.pom.TaskListPage.getNewCustOption(TaskListPage.java:33)
at com.actitime.pom.TaskListPage.getNewCustOption(TaskListPage.java:33)
at com.actitime.pom.TaskListPage.getNewCustOption(TaskListPage.java:33)
at com.actitime.pom.TaskListPage.getNewCustOption(TaskListPage.java:33)
at com.actitime.pom.TaskListPage.getNewCustOption(TaskListPage.java:33)
at com.actitime.pom.TaskListPage.getNewCustOption(TaskListPage.java:33)
at com.actitime.pom.TaskListPage.getNewCustOption(TaskListPage.java:33)
at com.actitime.pom.TaskListPage.getNewCustOption(TaskListPage.java:33)
at com.actitime.pom.TaskListPage.getNewCustOption(TaskListPage.java:33)
at com.actitime.pom.TaskListPage.getNewCustOption(TaskListPage.java:33)
at com.actitime.pom.TaskListPage.getNewCustOption(TaskListPage.java:33)
at com.actitime.pom.TaskListPage.getNewCustOption(TaskListPage.java:33)
at com.actitime.pom.TaskListPage.getNewCustOption(TaskListPage.java:33)
at com.actitime.pom.TaskListPage.getNewCustOption(TaskListPage.java:33)
at com.actitime.pom.TaskListPage.getNewCustOption(TaskListPage.java:33)
at com.actitime.pom.TaskListPage.getNewCustOption(TaskListPage.java:33)
at com.actitime.pom.TaskListPage.getNewCustOption(TaskListPage.java:33)
at com.actitime.pom.TaskListPage.getNewCustOption(TaskListPage.java:33)
at com.actitime.pom.TaskListPage.getNewCustOption(TaskListPage.java:33)
at com.actitime.pom.TaskListPage.getNewCustOption(TaskListPage.java:33)
at com.actitime.pom.TaskListPage.getNewCustOption(TaskListPage.java:33)
at com.actitime.pom.TaskListPage.getNewCustOption(TaskListPage.java:33)
at com.actitime.pom.TaskListPage.getNewCustOption(TaskListPage.java:33)
at com.actitime.pom.TaskListPage.getNewCustOption(TaskListPage.java:33)
at com.actitime.pom.TaskListPage.getNewCustOption(TaskListPage.java:33)
at com.actitime.pom.TaskListPage.getNewCustOption(TaskListPage.java:33)
at com.actitime.pom.TaskListPage.getNewCustOption(TaskListPage.java:33)
at com.actitime.pom.TaskListPage.getNewCustOption(TaskListPage.java:33)
at com.actitime.pom.TaskListPage.getNewCustOption(TaskListPage.java:33)
at com.actitime.pom.TaskListPage.getNewCustOption(TaskListPage.java:33)
at com.actitime.pom.TaskListPage.getNewCustOption(TaskListPage.java:33)
at com.actitime.pom.TaskListPage.getNewCustOption(TaskListPage.java:33)
at com.actitime.pom.TaskListPage.getNewCustOption(TaskListPage.java:33)
at com.actitime.pom.TaskListPage.getNewCustOption(TaskListPage.java:33)
at com.actitime.pom.TaskListPage.getNewCustOption(TaskListPage.java:33)
at com.actitime.pom.TaskListPage.getNewCustOption(TaskListPage.java:33)
at com.actitime.pom.TaskListPage.getNewCustOption(TaskListPage.java:33)
at com.actitime.pom.TaskListPage.getNewCustOption(TaskListPage.java:33)
at com.actitime.pom.TaskListPage.getNewCustOption(TaskListPage.java:33)
at com.actitime.pom.TaskListPage.getNewCustOption(TaskListPage.java:33)
at com.actitime.pom.TaskListPage.getNewCustOption(TaskListPage.java:33)
at com.actitime.pom.TaskListPage.getNewCustOption(TaskListPage.java:33)
at com.actitime.pom.TaskListPage.getNewCustOption(TaskListPage.java:33)
at com.actitime.pom.TaskListPage.getNewCustOption(TaskListPage.java:33)
at com.actitime.pom.TaskListPage.getNewCustOption(TaskListPage.java:33)
at com.actitime.pom.TaskListPage.getNewCustOption(TaskListPage.java:33)
at com.actitime.pom.TaskListPage.getNewCustOption(TaskListPage.java:33)
at com.actitime.pom.TaskListPage.getNewCustOption(TaskListPage.java:33)
at com.actitime.pom.TaskListPage.getNewCustOption(TaskListPage.java:33)
at com.actitime.pom.TaskListPage.getNewCustOption(TaskListPage.java:33)
at com.actitime.pom.TaskListPage.getNewCustOption(TaskListPage.java:33)
at com.actitime.pom.TaskListPage.getNewCustOption(TaskListPage.java:33)
at com.actitime.pom.TaskListPage.getNewCustOption(TaskListPage.java:33)
at com.actitime.pom.TaskListPage.getNewCustOption(TaskListPage.java:33)
at com.actitime.pom.TaskListPage.getNewCustOption(TaskListPage.java:33)
at com.actitime.pom.TaskListPage.getNewCustOption(TaskListPage.java:33)
at com.actitime.pom.TaskListPage.getNewCustOption(TaskListPage.java:33)
at com.actitime.pom.TaskListPage.getNewCustOption(TaskListPage.java:33)
at com.actitime.pom.TaskListPage.getNewCustOption(TaskListPage.java:33)
at com.actitime.pom.TaskListPage.getNewCustOption(TaskListPage.java:33)
at com.actitime.pom.TaskListPage.getNewCustOption(TaskListPage.java:33)
at com.actitime.pom.TaskListPage.getNewCustOption(TaskListPage.java:33)
at com.actitime.pom.TaskListPage.getNewCustOption(TaskListPage.java:33)
at com.actitime.pom.TaskListPage.getNewCustOption(TaskListPage.java:33)
at com.actitime.pom.TaskListPage.getNewCustOption(TaskListPage.java:33)
at com.actitime.pom.TaskListPage.getNewCustOption(TaskListPage.java:33)
at com.actitime.pom.TaskListPage.getNewCustOption(TaskListPage.java:33)
at com.actitime.pom.TaskListPage.getNewCustOption(TaskListPage.java:33)
at com.actitime.pom.TaskListPage.getNewCustOption(TaskListPage.java:33)
at com.actitime.pom.TaskListPage.getNewCustOption(TaskListPage.java:33)
at com.actitime.pom.TaskListPage.getNewCustOption(TaskListPage.java:33)
at com.actitime.pom.TaskListPage.getNewCustOption(TaskListPage.java:33)
at com.actitime.pom.TaskListPage.getNewCustOption(TaskListPage.java:33)
at com.actitime.pom.TaskListPage.getNewCustOption(TaskListPage.java:33)
at com.actitime.pom.TaskListPage.getNewCustOption(TaskListPage.java:33)
at com.actitime.pom.TaskListPage.getNewCustOption(TaskListPage.java:33)
at com.actitime.pom.TaskListPage.getNewCustOption(TaskListPage.java:33)
at com.actitime.pom.TaskListPage.getNewCustOption(TaskListPage.java:33)
at com.actitime.pom.TaskListPage.getNewCustOption(TaskListPage.java:33)
at com.actitime.pom.TaskListPage.getNewCustOption(TaskListPage.java:33)
at com.actitime.pom.TaskListPage.getNewCustOption(TaskListPage.java:33)
at com.actitime.pom.TaskListPage.getNewCustOption(TaskListPage.java:33)
at com.actitime.pom.TaskListPage.getNewCustOption(TaskListPage.java:33)
at com.actitime.pom.TaskListPage.getNewCustOption(TaskListPage.java:33)
at com.actitime.pom.TaskListPage.getNewCustOption(TaskListPage.java:33)
at com.actitime.pom.TaskListPage.getNewCustOption(TaskListPage.java:33)
at com.actitime.pom.TaskListPage.getNewCustOption(TaskListPage.java:33)
at com.actitime.pom.TaskListPage.getNewCustOption(TaskListPage.java:33)
at com.actitime.pom.TaskListPage.getNewCustOption(TaskListPage.java:33)
at com.actitime.pom.TaskListPage.getNewCustOption(TaskListPage.java:33)
at com.actitime.pom.TaskListPage.getNewCustOption(TaskListPage.java:33)
at com.actitime.pom.TaskListPage.getNewCustOption(TaskListPage.java:33)
at com.actitime.pom.TaskListPage.getNewCustOption(TaskListPage.java:33)
at com.actitime.pom.TaskListPage.getNewCustOption(TaskListPage.java:33)
at com.actitime.pom.TaskListPage.getNewCustOption(TaskListPage.java:33)
at com.actitime.pom.TaskListPage.getNewCustOption(TaskListPage.java:33)
at com.actitime.pom.TaskListPage.getNewCustOption(TaskListPage.java:33)
at com.actitime.pom.TaskListPage.getNewCustOption(TaskListPage.java:33)
at com.actitime.pom.TaskListPage.getNewCustOption(TaskListPage.java:33)
at com.actitime.pom.TaskListPage.getNewCustOption(TaskListPage.java:33)
at com.actitime.pom.TaskListPage.getNewCustOption(TaskListPage.java:33)
at com.actitime.pom.TaskListPage.getNewCustOption(TaskListPage.java:33)
at com.actitime.pom.TaskListPage.getNewCustOption(TaskListPage.java:33)
at com.actitime.pom.TaskListPage.getNewCustOption(TaskListPage.java:33)
at com.actitime.pom.TaskListPage.getNewCustOption(TaskListPage.java:33)
at com.actitime.pom.TaskListPage.getNewCustOption(TaskListPage.java:33)
at com.actitime.pom.TaskListPage.getNewCustOption(TaskListPage.java:33)
at com.actitime.pom.TaskListPage.getNewCustOption(TaskListPage.java:33)
at com.actitime.pom.TaskListPage.getNewCustOption(TaskListPage.java:33)
at com.actitime.pom.TaskListPage.getNewCustOption(TaskListPage.java:33)
at com.actitime.pom.TaskListPage.getNewCustOption(TaskListPage.java:33)
at com.actitime.pom.TaskListPage.getNewCustOption(TaskListPage.java:33)
at com.actitime.pom.TaskListPage.getNewCustOption(TaskListPage.java:33)
at com.actitime.pom.TaskListPage.getNewCustOption(TaskListPage.java:33)
at com.actitime.pom.TaskListPage.getNewCustOption(TaskListPage.java:33)
at com.actitime.pom.TaskListPage.getNewCustOption(TaskListPage.java:33)
at com.actitime.pom.TaskListPage.getNewCustOption(TaskListPage.java:33)
at com.actitime.pom.TaskListPage.getNewCustOption(TaskListPage.java:33)
at com.actitime.pom.TaskListPage.getNewCustOption(TaskListPage.java:33)
at com.actitime.pom.TaskListPage.getNewCustOption(TaskListPage.java:33)
at com.actitime.pom.TaskListPage.getNewCustOption(TaskListPage.java:33)
at com.actitime.pom.TaskListPage.getNewCustOption(TaskListPage.java:33)
at com.actitime.pom.TaskListPage.getNewCustOption(TaskListPage.java:33)
at com.actitime.pom.TaskListPage.getNewCustOption(TaskListPage.java:33)
at com.actitime.pom.TaskListPage.getNewCustOption(TaskListPage.java:33)
at com.actitime.pom.TaskListPage.getNewCustOption(TaskListPage.java:33)
at com.actitime.pom.TaskListPage.getNewCustOption(TaskListPage.java:33)
at com.actitime.pom.TaskListPage.getNewCustOption(TaskListPage.java:33)
at com.actitime.pom.TaskListPage.getNewCustOption(TaskListPage.java:33)
at com.actitime.pom.TaskListPage.getNewCustOption(TaskListPage.java:33)
at com.actitime.pom.TaskListPage.getNewCustOption(TaskListPage.java:33)
at com.actitime.pom.TaskListPage.getNewCustOption(TaskListPage.java:33)
at com.actitime.pom.TaskListPage.getNewCustOption(TaskListPage.java:33)
at com.actitime.pom.TaskListPage.getNewCustOption(TaskListPage.java:33)
at com.actitime.pom.TaskListPage.getNewCustOption(TaskListPage.java:33)
at com.actitime.pom.TaskListPage.getNewCustOption(TaskListPage.java:33)
at com.actitime.pom.TaskListPage.getNewCustOption(TaskListPage.java:33)
at com.actitime.pom.TaskListPage.getNewCustOption(TaskListPage.java:33)
at com.actitime.pom.TaskListPage.getNewCustOption(TaskListPage.java:33)
at com.actitime.pom.TaskListPage.getNewCustOption(TaskListPage.java:33)
at com.actitime.pom.TaskListPage.getNewCustOption(TaskListPage.java:33)
at com.actitime.pom.TaskListPage.getNewCustOption(TaskListPage.java:33)
at com.actitime.pom.TaskListPage.getNewCustOption(TaskListPage.java:33)
at com.actitime.pom.TaskListPage.getNewCustOption(TaskListPage.java:33)
at com.actitime.pom.TaskListPage.getNewCustOption(TaskListPage.java:33)
at com.actitime.pom.TaskListPage.getNewCustOption(TaskListPage.java:33)
at com.actitime.pom.TaskListPage.getNewCustOption(TaskListPage.java:33)
at com.actitime.pom.TaskListPage.getNewCustOption(TaskListPage.java:33)
at com.actitime.pom.TaskListPage.getNewCustOption(TaskListPage.java:33)
at com.actitime.pom.TaskListPage.getNewCustOption(TaskListPage.java:33)
at com.actitime.pom.TaskListPage.getNewCustOption(TaskListPage.java:33)
at com.actitime.pom.TaskListPage.getNewCustOption(TaskListPage.java:33)
at com.actitime.pom.TaskListPage.getNewCustOption(TaskListPage.java:33)
at com.actitime.pom.TaskListPage.getNewCustOption(TaskListPage.java:33)
at com.actitime.pom.TaskListPage.getNewCustOption(TaskListPage.java:33)
at com.actitime.pom.TaskListPage.getNewCustOption(TaskListPage.java:33)
at com.actitime.pom.TaskListPage.getNewCustOption(TaskListPage.java:33)
]]>
    </error>
  </testcase> <!-- testCreateCustomer -->
  <system-out>
    <![CDATA[Create customer]]>
  </system-out>
</testsuite> <!-- com.actitime.testscript.CustomerModule -->
